<?xml version="1.0" encoding="UTF-8"?>
<!-- Generated by org.testng.reporters.JUnitReportReporter -->
<testsuite hostname="dell" name="com.test.scripts.ValidLogin" tests="1" failures="0" timestamp="23 Nov 2019 10:00:22 GMT" time="36.109" errors="0">
  <testcase name="TestCase6CheckOutCanonProduct" time="36.109" classname="com.test.scripts.ValidLogin"/>
</testsuite> <!-- com.test.scripts.ValidLogin -->
